mode: set
main/server/internal/handler/error.go:10.84,11.15 1 1
main/server/internal/handler/error.go:11.15,13.3 1 1
main/server/internal/handler/error.go:14.2,21.20 3 1
main/server/internal/handler/healthz.go:9.54,12.2 2 1
main/server/internal/handler/subscribe.go:19.54,20.54 1 1
main/server/internal/handler/subscribe.go:20.54,24.17 3 1
main/server/internal/handler/subscribe.go:24.17,32.4 2 0
main/server/internal/handler/subscribe.go:34.3,35.17 2 1
main/server/internal/handler/subscribe.go:35.17,43.4 2 1
main/server/internal/handler/subscribe.go:45.3,46.17 2 1
main/server/internal/handler/subscribe.go:46.17,54.4 2 0
main/server/internal/handler/subscribe.go:55.3,59.20 4 1
main/server/internal/handler/subscriptions.go:11.55,12.54 1 1
main/server/internal/handler/subscriptions.go:12.54,15.17 2 1
main/server/internal/handler/subscriptions.go:15.17,23.4 2 1
main/server/internal/handler/subscriptions.go:25.3,26.17 2 1
main/server/internal/handler/subscriptions.go:26.17,34.4 2 0
main/server/internal/handler/subscriptions.go:36.3,37.20 2 1
main/server/internal/handler/subscriptions.go:42.59,43.54 1 1
main/server/internal/handler/subscriptions.go:43.54,46.19 2 1
main/server/internal/handler/subscriptions.go:46.19,53.4 2 1
main/server/internal/handler/subscriptions.go:54.3,55.55 2 1
main/server/internal/handler/subscriptions.go:55.55,63.4 2 0
main/server/internal/handler/subscriptions.go:64.3,64.17 1 1
main/server/internal/handler/subscriptions.go:64.17,72.4 2 1
main/server/internal/handler/subscriptions.go:74.3,77.20 3 1
